lerna(verbose) GitUtilities.isInitialized    ()
lerna(verbose) GitUtilities.isInitialized    () => true
lerna(verbose) GitUtilities.getTopLevelDirectory()
lerna(verbose) GitUtilities.getTopLevelDirectory() => "."
lerna(verbose) FileSystemUtilities.existsSync("./lerna.json")
lerna(verbose) FileSystemUtilities.existsSync("./lerna.json") => true
lerna(verbose) FileSystemUtilities.readFileSync("./lerna.json")
lerna(verbose) FileSystemUtilities.readFileSync("./lerna.json") => "{\n  \"lerna\": \"2.0.0-beta.38\",\n  \"packages\": [\n    \"packages/*\"\n  ],\n                                \"version\": \"0.1.0\",\n  \"npmClient\": \"yarn\"\n}"
lerna(verbose) FileSystemUtilities.existsSync("./package.json")
lerna(verbose) FileSystemUtilities.existsSync("./package.json") => true
lerna(verbose) FileSystemUtilities.readFileSync("./package.json")
lerna(verbose) FileSystemUtilities.readFileSync("./package.json") => "{\n    \"name\": \"@viper/parent\",\n    \"version\": \"0.2.0\",\n    \"private                              \": true,\n    \"description\": \"Soeasy Shared - Monorepo to build shared libraries\",\n    \"homepage\": \"\",\n    \"bugs\": \"\",\n    \"author\"                              : \"jonathan.gelin@***.com\",\n    \"license\": \"MIT\",\n    \"scripts\": {\n        \"//CLEAN\": \"*********************************************                              *******************************\",\n        \"clean\": \"lerna clean --yes & npm-run-all clean:* --parallel\",\n        \"clean:ng\": \"rimraf ./pack                              ages/**/*.ngsummary.json & rimraf ./packages/**/*.ngfactory.ts & rimraf ./packages/**/*.metadata.json\",\n        \"clean:log\": \"rimraf ./**/*.log\                              ",\n        \"clean:js\": \"rimraf ./packages/**/*.d.ts & rimraf ./packages/**/*.umd.js\",\n        \"//CODE STYLE\": \"*****************************                              ***********************************************\",\n        \"lint\": \"tslint -c tslint.json --type-check --project packages/tsconfig.json\",\n                                      \"//precommit\": \"npm run lint\",\n        \"//GENERIC\": \"****************************************************************************\",\n                                      \"lerna\": \"lerna\",\n        \"lerna:exec\": \"lerna exec --\",\n        \"lerna:help\": \"lerna publish --help\",\n        \"//LINK\": \"*****                              ***********************************************************************\",\n        \"link:all\": \"lerna exec -- yarn link\",\n        \"unlink:all\                              ": \"lerna exec -- yarn unlink\",\n        \"//PROCESS\": \"****************************************************************************\",\n                                      \"bootstrap\": \"lerna bootstrap\",\n        \"transpile\": \"ngc -p ./packages/tsconfig.json\",\n        \"package\": \"lerna exec -- ../../node_mod                              ules/.bin/rollup -c rollup.config.js\",\n        \"extends\": \"lerna exec -- ../../node_modules/.bin/babel-node ../../scripts/extends-package.js  --                              presets es2015\",\n        \"list\": \"ts-nodescripts/extends-package.ts \",\n        \"build\": \"npm-run-all clean bootstrap extends transpile pack                              age\",\n        \"build:dev\": \"npm-run-all clean bootstrap transpile package link:all\",\n        \"publish\": \"lerna publish --yes --skip-npm --s                              kip-git --skip-temp-tag --repo-version\",\n        \"LERNA:HACK\": \"cp ./scripts/GitUtilities.js ./node_modules/lerna/lib/GitUtilities.js\",\n                                      \"//DOCKER\": \"****************************************************************************\",\n        \"_docker:install\": \"yarn install --no-p                              rogress && npm run LERNA:HACK\",\n        \"_docker:build\": \"npm run _docker:install && yarn run build\",\n        \"_docker:test\": \"npm run _doc                              ker:install && echo \\\"NOT IMPLEMENTED : npm run all -- yarn run test\\\"\",\n        \"_docker:prepublish\": \"npm run _docker:install && lerna pub                              lish --yes --skip-git --skip-npm --skip-temp-tag --force-publish --repo-version\",\n        \"_docker:publish\": \"npm run _docker:install && lerna p                              ublish --yes --skip-git --skip-temp-tag --force-publish --repo-version\",\n        \"_docker:temppublish\": \"npm publish ./packages/localization --t                              ag latest & npm publish ./packages/http --tag latest & npm publish ./packages/forms --tag latest\"\n    },\n    \"repository\": {\n        \"type\":                               \"git\",\n        \"url\": \"git@CEBECOM-Hq5TGP1.***.net:viper/shared-js.git\"\n    },\n    \"publishConfig\": {\n        \"registry\": \"https:                              //***.net/repository/npm-***/\"\n    },\n    \"devDependencies\": {\n        \"@angular/common\": \"^4.0.0-rc.1\",\n                                      \"@angular/compiler\": \"^4.0.0-rc.1\",\n        \"@angular/compiler-cli\": \"^4.0.0-rc.1\",\n        \"@angular/core\": \"^4.0.0-rc.1\",\n                                      \"@angular/forms\": \"^4.0.0-rc.1\",\n        \"@angular/http\": \"^4.0.0-rc.1\",\n        \"@angular/language-service\": \"^4.0.0-rc.1\",\n        \                              "@angular/platform-browser\": \"^4.0.0-rc.1\",\n        \"@angular/platform-server\": \"^4.0.0-rc.1\",\n        \"@angular/router\": \"^4.0.0-rc.1\",                              \n        \"@types/node\": \"^7.0.5\",\n        \"codelyzer\": \"3.0.0-beta.0\",\n        \"husky\": \"^0.13.1\",\n        \"npm-run-all\": \"^4.0.2\                              ",\n        \"lerna\": \"2.0.0-beta.38\",\n        \"rimraf\": \"^2.6.0\",\n        \"rollup\": \"^0.41.4\",\n        \"rollup-plugin-node-resolve\":                               \"^2.0.0\",\n        \"rxjs\": \"^5.2.0\",\n        \"babel-cli\": \"^6.23.0\",\n        \"babel-preset-es2015\": \"^6.22.0\",\n        \"tslint\":                               \"^4.4.2\",\n        \"typescript\": \"^2.2.0\",\n        \"zone.js\": \"^0.7.7\"\n    }\n}"
lerna(info)    Lerna v2.0.0-beta.38
lerna(verbose) FileSystemUtilities.existsSync("./package.json")
lerna(verbose) FileSystemUtilities.existsSync("./package.json") => true
lerna(verbose) FileSystemUtilities.existsSync("./lerna.json")
lerna(verbose) FileSystemUtilities.existsSync("./lerna.json") => true
lerna(verbose) FileSystemUtilities.existsSync("./VERSION")
lerna(verbose) FileSystemUtilities.existsSync("./VERSION") => false
lerna(verbose) FileSystemUtilities.existsSync("./packages/forms/package.json")
lerna(verbose) FileSystemUtilities.existsSync("./packages/forms/package.json") => true
lerna(verbose) FileSystemUtilities.existsSync("./packages/http/package.json")
lerna(verbose) FileSystemUtilities.existsSync("./packages/http/package.json") => true
lerna(verbose) FileSystemUtilities.existsSync("./packages/localization/package.json")
lerna(verbose) FileSystemUtilities.existsSync("./packages/localization/package.json") => true
lerna(verbose) Attempting running PublishCommand.initialize
lerna(verbose) GitUtilities.getCurrentBranchDescription()
lerna(verbose) GitUtilities.getCurrentBranchDescription() => "master"
lerna(info)    Current version: 0.1.0
lerna(info)    Checking for updated packages...
lerna(verbose) GitUtilities.hasTags          ()
lerna(verbose) GitUtilities.hasTags          () => false
lerna(info)    No tags found! Comparing with initial commit.
lerna(info)    Changes:
lerna(info)    - @viper/forms: 0.1.0 => 0.1.0-43
- @viper/http: 0.1.0 => 0.1.0-43
- @viper/localization: 0.1.0 => 0.1.0-43
lerna(info)    Assuming confirmation.
lerna(verbose) Successfully ran PublishCommand.initialize
lerna(verbose) Attempting running PublishCommand.execute
lerna(verbose) FileSystemUtilities.writeFileSync("./lerna.json", "{\n  \"lerna\": \"2.0.0-beta.38\",\n  \"packages\": [\n    \"packages/*\"\n  ],\n                                ...)
lerna(verbose) FileSystemUtilities.writeFileSync("./lerna.json", "{\n  \"lerna\": \"2.0.0-beta.38\",\n  \"packages\": [\n    \"packages/*\"\n  ],\n                                ...) =>
lerna(verbose) FileSystemUtilities.writeFileSync("./packages/forms/package.json", "{\n  \"name\": \"@viper/forms\",\n  \"version\": \"0.1.0-43\",\n                                ...)
lerna(verbose) FileSystemUtilities.writeFileSync("./packages/forms/package.json", "{\n  \"name\": \"@viper/forms\",\n  \"version\": \"0.1.0-43\",\n                                ...) =>
lerna(verbose) FileSystemUtilities.writeFileSync("./packages/http/package.json", "{\n  \"name\": \"@viper/http\",\n  \"version\": \"0.1.0-43\",\n  \"                              ...)
lerna(verbose) FileSystemUtilities.writeFileSync("./packages/http/package.json", "{\n  \"name\": \"@viper/http\",\n  \"version\": \"0.1.0-43\",\n  \"                              ...) =>
lerna(verbose) FileSystemUtilities.writeFileSync("./packages/localization/package.json", "{\n  \"name\": \"@viper/localization\",\n  \"version\": \"0                              ...)
lerna(verbose) FileSystemUtilities.writeFileSync("./packages/localization/package.json", "{\n  \"name\": \"@viper/localization\",\n  \"version\": \"0                              ...) =>
lerna(info)    Publishing packages to npm...
lerna(verbose) FileSystemUtilities.existsSync("./packages/forms/scripts/prepublish.js")
lerna(verbose) FileSystemUtilities.existsSync("./packages/forms/scripts/prepublish.js") => false
lerna(verbose) No prepublish script found at /home/app/packages/forms/scripts/prepublish.js
lerna(verbose) FileSystemUtilities.existsSync("./packages/http/scripts/prepublish.js")
lerna(verbose) FileSystemUtilities.existsSync("./packages/http/scripts/prepublish.js") => false
lerna(verbose) No prepublish script found at /home/app/packages/http/scripts/prepublish.js
lerna(verbose) FileSystemUtilities.existsSync("./packages/localization/scripts/prepublish.js")
lerna(verbose) FileSystemUtilities.existsSync("./packages/localization/scripts/prepublish.js") => false
lerna(verbose) No prepublish script found at /home/app/packages/localization/scripts/prepublish.js
lerna(verbose) Publishing @viper/forms...
lerna(verbose) NpmUtilities.publishTaggedInDir("latest", "./packages/forms", )
lerna(verbose) Publishing @viper/http...
lerna(verbose) NpmUtilities.publishTaggedInDir("latest", "./packages/http", )
lerna(verbose) Publishing @viper/localization...
lerna(verbose) NpmUtilities.publishTaggedInDir("latest", "./packages/localization", )
lerna(error)   NpmUtilities.publishTaggedInDir("latest", "./packages/localization", )
    Error: Command failed: cd /home/app/packages/localization && npm publish --tag latest
    npm info it worked if it ends with ok
    npm info using npm@4.1.2
    npm info using node@v7.6.0
    npm info lifecycle @viper/localization@0.1.0-43~prepublish: @viper/localization@0.1.0-43
    npm info lifecycle @viper/localization@0.1.0-43~prepare: @viper/localization@0.1.0-43
    npm info lifecycle @viper/localization@0.1.0-43~prepublishOnly: @viper/localization@0.1.0-43
    npm info attempt registry request try #1 at 7:01:34 AM
    npm http request PUT https://***.net/repository/npm-***/@viper%2flocalization
    npm info retry will retry, error on last attempt: Error: unable to verify the first certificate
    npm info attempt registry request try #2 at 7:01:45 AM
    npm http request PUT https://***.net/repository/npm-***/@viper%2flocalization
    npm info retry will retry, error on last attempt: Error: unable to verify the first certificate
    npm info attempt registry request try #3 at 7:02:45 AM
    npm http request PUT https://***.net/repository/npm-***/@viper%2flocalization
    npm ERR! publish Failed PUT undefined
    npm ERR! Linux 4.4.19-29.55.amzn1.x86_64
    npm ERR! argv "/usr/local/bin/node" "/usr/local/bin/npm" "publish" "--tag" "latest"
    npm ERR! node v7.6.0
    npm ERR! npm  v4.1.2
    npm ERR! code UNABLE_TO_VERIFY_LEAF_SIGNATURE

    npm ERR! unable to verify the first certificate
    npm ERR!
    npm ERR! If you need help, you may report this error at:
    npm ERR!     <https://github.com/npm/npm/issues>

    npm ERR! Please include the following file with any support request:
    npm ERR!     /home/app/packages/localization/npm-debug.log

        at ChildProcess.exithandler (child_process.js:211:12)
        at emitTwo (events.js:106:13)
        at ChildProcess.emit (events.js:192:7)
        at maybeClose (internal/child_process.js:890:16)
        at Process.ChildProcess._handle.onexit (internal/child_process.js:226:5)
lerna(error)   Attempting to retry publishing @viper/localization...
    Error: Command failed: cd /home/app/packages/localization && npm publish --tag latest
    npm info it worked if it ends with ok
    npm info using npm@4.1.2
    npm info using node@v7.6.0
    npm info lifecycle @viper/localization@0.1.0-43~prepublish: @viper/localization@0.1.0-43
    npm info lifecycle @viper/localization@0.1.0-43~prepare: @viper/localization@0.1.0-43
    npm info lifecycle @viper/localization@0.1.0-43~prepublishOnly: @viper/localization@0.1.0-43
    npm info attempt registry request try #1 at 7:01:34 AM
    npm http request PUT https://***.net/repository/npm-***/@viper%2flocalization
    npm info retry will retry, error on last attempt: Error: unable to verify the first certificate
    npm info attempt registry request try #2 at 7:01:45 AM
    npm http request PUT https://***.net/repository/npm-***/@viper%2flocalization
    npm info retry will retry, error on last attempt: Error: unable to verify the first certificate
    npm info attempt registry request try #3 at 7:02:45 AM
    npm http request PUT https://***.net/repository/npm-***/@viper%2flocalization
    npm ERR! publish Failed PUT undefined
    npm ERR! Linux 4.4.19-29.55.amzn1.x86_64
    npm ERR! argv "/usr/local/bin/node" "/usr/local/bin/npm" "publish" "--tag" "latest"
    npm ERR! node v7.6.0
    npm ERR! npm  v4.1.2
    npm ERR! code UNABLE_TO_VERIFY_LEAF_SIGNATURE

    npm ERR! unable to verify the first certificate
    npm ERR!
    npm ERR! If you need help, you may report this error at:
    npm ERR!     <https://github.com/npm/npm/issues>

    npm ERR! Please include the following file with any support request:
    npm ERR!     /home/app/packages/localization/npm-debug.log

        at ChildProcess.exithandler (child_process.js:211:12)
        at emitTwo (events.js:106:13)
        at ChildProcess.emit (events.js:192:7)
        at maybeClose (internal/child_process.js:890:16)
        at Process.ChildProcess._handle.onexit (internal/child_process.js:226:5)
lerna(verbose) Publishing @viper/localization...
lerna(verbose) NpmUtilities.publishTaggedInDir("latest", "./packages/localization", )
lerna(error)   NpmUtilities.publishTaggedInDir("latest", "./packages/http", )
    Error: Command failed: cd /home/app/packages/http && npm publish --tag latest
    npm info it worked if it ends with ok
    npm info using npm@4.1.2
    npm info using node@v7.6.0
    npm info lifecycle @viper/http@0.1.0-43~prepublish: @viper/http@0.1.0-43
    npm info lifecycle @viper/http@0.1.0-43~prepare: @viper/http@0.1.0-43
    npm info lifecycle @viper/http@0.1.0-43~prepublishOnly: @viper/http@0.1.0-43
    npm info attempt registry request try #1 at 7:01:34 AM
    npm http request PUT https://***.net/repository/npm-***/@viper%2fhttp
    npm info retry will retry, error on last attempt: Error: unable to verify the first certificate
    npm info attempt registry request try #2 at 7:01:45 AM
    npm http request PUT https://***.net/repository/npm-***/@viper%2fhttp
    npm info retry will retry, error on last attempt: Error: unable to verify the first certificate
    npm info attempt registry request try #3 at 7:02:45 AM
    npm http request PUT https://***.net/repository/npm-***/@viper%2fhttp
    npm ERR! publish Failed PUT undefined
    npm ERR! Linux 4.4.19-29.55.amzn1.x86_64
    npm ERR! argv "/usr/local/bin/node" "/usr/local/bin/npm" "publish" "--tag" "latest"
    npm ERR! node v7.6.0
    npm ERR! npm  v4.1.2
    npm ERR! code UNABLE_TO_VERIFY_LEAF_SIGNATURE

    npm ERR! unable to verify the first certificate
    npm ERR!
    npm ERR! If you need help, you may report this error at:
    npm ERR!     <https://github.com/npm/npm/issues>

    npm ERR! Please include the following file with any support request:
    npm ERR!     /home/app/packages/http/npm-debug.log

        at ChildProcess.exithandler (child_process.js:211:12)
        at emitTwo (events.js:106:13)
        at ChildProcess.emit (events.js:192:7)
        at maybeClose (internal/child_process.js:890:16)
        at Socket.<anonymous> (internal/child_process.js:334:11)
        at emitOne (events.js:96:13)
        at Socket.emit (events.js:189:7)
        at Pipe._handle.close [as _onclose] (net.js:501:12)
lerna(error)   Attempting to retry publishing @viper/http...
    Error: Command failed: cd /home/app/packages/http && npm publish --tag latest
    npm info it worked if it ends with ok
    npm info using npm@4.1.2
    npm info using node@v7.6.0
    npm info lifecycle @viper/http@0.1.0-43~prepublish: @viper/http@0.1.0-43
    npm info lifecycle @viper/http@0.1.0-43~prepare: @viper/http@0.1.0-43
    npm info lifecycle @viper/http@0.1.0-43~prepublishOnly: @viper/http@0.1.0-43
    npm info attempt registry request try #1 at 7:01:34 AM
    npm http request PUT https://***.net/repository/npm-***/@viper%2fhttp
    npm info retry will retry, error on last attempt: Error: unable to verify the first certificate
    npm info attempt registry request try #2 at 7:01:45 AM
    npm http request PUT https://***.net/repository/npm-***/@viper%2fhttp
    npm info retry will retry, error on last attempt: Error: unable to verify the first certificate
    npm info attempt registry request try #3 at 7:02:45 AM
    npm http request PUT https://***.net/repository/npm-***/@viper%2fhttp
    npm ERR! publish Failed PUT undefined
    npm ERR! Linux 4.4.19-29.55.amzn1.x86_64
    npm ERR! argv "/usr/local/bin/node" "/usr/local/bin/npm" "publish" "--tag" "latest"
    npm ERR! node v7.6.0
    npm ERR! npm  v4.1.2
    npm ERR! code UNABLE_TO_VERIFY_LEAF_SIGNATURE

    npm ERR! unable to verify the first certificate
    npm ERR!
    npm ERR! If you need help, you may report this error at:
    npm ERR!     <https://github.com/npm/npm/issues>

    npm ERR! Please include the following file with any support request:
    npm ERR!     /home/app/packages/http/npm-debug.log

        at ChildProcess.exithandler (child_process.js:211:12)
        at emitTwo (events.js:106:13)
        at ChildProcess.emit (events.js:192:7)
        at maybeClose (internal/child_process.js:890:16)
        at Socket.<anonymous> (internal/child_process.js:334:11)
        at emitOne (events.js:96:13)
        at Socket.emit (events.js:189:7)
        at Pipe._handle.close [as _onclose] (net.js:501:12)
lerna(verbose) Publishing @viper/http...
lerna(verbose) NpmUtilities.publishTaggedInDir("latest", "./packages/http", )
lerna(error)   NpmUtilities.publishTaggedInDir("latest", "./packages/forms", )
    Error: Command failed: cd /home/app/packages/forms && npm publish --tag latest
    npm info it worked if it ends with ok
    npm info using npm@4.1.2
    npm info using node@v7.6.0
    npm info lifecycle @viper/forms@0.1.0-43~prepublish: @viper/forms@0.1.0-43
    npm info lifecycle @viper/forms@0.1.0-43~prepare: @viper/forms@0.1.0-43
    npm info lifecycle @viper/forms@0.1.0-43~prepublishOnly: @viper/forms@0.1.0-43
    npm info attempt registry request try #1 at 7:01:35 AM
    npm http request PUT https://***.net/repository/npm-***/@viper%2fforms
    npm info retry will retry, error on last attempt: Error: unable to verify the first certificate
    npm info attempt registry request try #2 at 7:01:45 AM
    npm http request PUT https://***.net/repository/npm-***/@viper%2fforms
    npm info retry will retry, error on last attempt: Error: unable to verify the first certificate
    npm info attempt registry request try #3 at 7:02:45 AM
    npm http request PUT https://***.net/repository/npm-***/@viper%2fforms
    npm ERR! publish Failed PUT undefined
    npm ERR! Linux 4.4.19-29.55.amzn1.x86_64
    npm ERR! argv "/usr/local/bin/node" "/usr/local/bin/npm" "publish" "--tag" "latest"
    npm ERR! node v7.6.0
    npm ERR! npm  v4.1.2
    npm ERR! code UNABLE_TO_VERIFY_LEAF_SIGNATURE

    npm ERR! unable to verify the first certificate
    npm ERR!
    npm ERR! If you need help, you may report this error at:
    npm ERR!     <https://github.com/npm/npm/issues>

    npm ERR! Please include the following file with any support request:
    npm ERR!     /home/app/packages/forms/npm-debug.log

        at ChildProcess.exithandler (child_process.js:211:12)
        at emitTwo (events.js:106:13)
        at ChildProcess.emit (events.js:192:7)
        at maybeClose (internal/child_process.js:890:16)
        at Process.ChildProcess._handle.onexit (internal/child_process.js:226:5)
lerna(error)   Attempting to retry publishing @viper/forms...
    Error: Command failed: cd /home/app/packages/forms && npm publish --tag latest
    npm info it worked if it ends with ok
    npm info using npm@4.1.2
    npm info using node@v7.6.0
    npm info lifecycle @viper/forms@0.1.0-43~prepublish: @viper/forms@0.1.0-43
    npm info lifecycle @viper/forms@0.1.0-43~prepare: @viper/forms@0.1.0-43
    npm info lifecycle @viper/forms@0.1.0-43~prepublishOnly: @viper/forms@0.1.0-43
    npm info attempt registry request try #1 at 7:01:35 AM
    npm http request PUT https://***.net/repository/npm-***/@viper%2fforms
    npm info retry will retry, error on last attempt: Error: unable to verify the first certificate
    npm info attempt registry request try #2 at 7:01:45 AM
    npm http request PUT https://***.net/repository/npm-***/@viper%2fforms
    npm info retry will retry, error on last attempt: Error: unable to verify the first certificate
    npm info attempt registry request try #3 at 7:02:45 AM
    npm http request PUT https://***.net/repository/npm-***/@viper%2fforms
    npm ERR! publish Failed PUT undefined
    npm ERR! Linux 4.4.19-29.55.amzn1.x86_64
    npm ERR! argv "/usr/local/bin/node" "/usr/local/bin/npm" "publish" "--tag" "latest"
    npm ERR! node v7.6.0
    npm ERR! npm  v4.1.2
    npm ERR! code UNABLE_TO_VERIFY_LEAF_SIGNATURE

    npm ERR! unable to verify the first certificate
    npm ERR!
    npm ERR! If you need help, you may report this error at:
    npm ERR!     <https://github.com/npm/npm/issues>

    npm ERR! Please include the following file with any support request:
    npm ERR!     /home/app/packages/forms/npm-debug.log

        at ChildProcess.exithandler (child_process.js:211:12)
        at emitTwo (events.js:106:13)
        at ChildProcess.emit (events.js:192:7)
        at maybeClose (internal/child_process.js:890:16)
        at Process.ChildProcess._handle.onexit (internal/child_process.js:226:5)
lerna(verbose) Publishing @viper/forms...
lerna(verbose) NpmUtilities.publishTaggedInDir("latest", "./packages/forms", )
lerna(error)   NpmUtilities.publishTaggedInDir("latest", "./packages/localization", )
    Error: Command failed: cd /home/app/packages/localization && npm publish --tag latest
    npm info it worked if it ends with ok
    npm info using npm@4.1.2
    npm info using node@v7.6.0
    npm info lifecycle @viper/localization@0.1.0-43~prepublish: @viper/localization@0.1.0-43
    npm info lifecycle @viper/localization@0.1.0-43~prepare: @viper/localization@0.1.0-43
    npm info lifecycle @viper/localization@0.1.0-43~prepublishOnly: @viper/localization@0.1.0-43
    npm info attempt registry request try #1 at 7:02:47 AM
    npm http request PUT https://***.net/repository/npm-***/@viper%2flocalization
    npm info retry will retry, error on last attempt: Error: unable to verify the first certificate
    npm info attempt registry request try #2 at 7:02:57 AM
    npm http request PUT https://***.net/repository/npm-***/@viper%2flocalization
    npm info retry will retry, error on last attempt: Error: unable to verify the first certificate
    npm info attempt registry request try #3 at 7:03:57 AM
    npm http request PUT https://***.net/repository/npm-***/@viper%2flocalization
    npm ERR! publish Failed PUT undefined
    npm ERR! Linux 4.4.19-29.55.amzn1.x86_64
    npm ERR! argv "/usr/local/bin/node" "/usr/local/bin/npm" "publish" "--tag" "latest"
    npm ERR! node v7.6.0
    npm ERR! npm  v4.1.2
    npm ERR! code UNABLE_TO_VERIFY_LEAF_SIGNATURE

    npm ERR! unable to verify the first certificate
    npm ERR!
    npm ERR! If you need help, you may report this error at:
    npm ERR!     <https://github.com/npm/npm/issues>

    npm ERR! Please include the following file with any support request:
    npm ERR!     /home/app/packages/localization/npm-debug.log

        at ChildProcess.exithandler (child_process.js:211:12)
        at emitTwo (events.js:106:13)
        at ChildProcess.emit (events.js:192:7)
        at maybeClose (internal/child_process.js:890:16)
        at Process.ChildProcess._handle.onexit (internal/child_process.js:226:5)
lerna(error)   Attempting to retry publishing @viper/localization...
    Error: Command failed: cd /home/app/packages/localization && npm publish --tag latest
    npm info it worked if it ends with ok
    npm info using npm@4.1.2
    npm info using node@v7.6.0
    npm info lifecycle @viper/localization@0.1.0-43~prepublish: @viper/localization@0.1.0-43
    npm info lifecycle @viper/localization@0.1.0-43~prepare: @viper/localization@0.1.0-43
    npm info lifecycle @viper/localization@0.1.0-43~prepublishOnly: @viper/localization@0.1.0-43
    npm info attempt registry request try #1 at 7:02:47 AM
    npm http request PUT https://***.net/repository/npm-***/@viper%2flocalization
    npm info retry will retry, error on last attempt: Error: unable to verify the first certificate
    npm info attempt registry request try #2 at 7:02:57 AM
    npm http request PUT https://***.net/repository/npm-***/@viper%2flocalization
    npm info retry will retry, error on last attempt: Error: unable to verify the first certificate
    npm info attempt registry request try #3 at 7:03:57 AM
    npm http request PUT https://***.net/repository/npm-***/@viper%2flocalization
    npm ERR! publish Failed PUT undefined
    npm ERR! Linux 4.4.19-29.55.amzn1.x86_64
    npm ERR! argv "/usr/local/bin/node" "/usr/local/bin/npm" "publish" "--tag" "latest"
    npm ERR! node v7.6.0
    npm ERR! npm  v4.1.2
    npm ERR! code UNABLE_TO_VERIFY_LEAF_SIGNATURE

    npm ERR! unable to verify the first certificate
    npm ERR!
    npm ERR! If you need help, you may report this error at:
    npm ERR!     <https://github.com/npm/npm/issues>

    npm ERR! Please include the following file with any support request:
    npm ERR!     /home/app/packages/localization/npm-debug.log

        at ChildProcess.exithandler (child_process.js:211:12)
        at emitTwo (events.js:106:13)
        at ChildProcess.emit (events.js:192:7)
        at maybeClose (internal/child_process.js:890:16)
        at Process.ChildProcess._handle.onexit (internal/child_process.js:226:5)
lerna(verbose) Publishing @viper/localization...
lerna(verbose) NpmUtilities.publishTaggedInDir("latest", "./packages/localization", )
lerna(error)   NpmUtilities.publishTaggedInDir("latest", "./packages/http", )
    Error: Command failed: cd /home/app/packages/http && npm publish --tag latest
    npm info it worked if it ends with ok
    npm info using npm@4.1.2
    npm info using node@v7.6.0
    npm info lifecycle @viper/http@0.1.0-43~prepublish: @viper/http@0.1.0-43
    npm info lifecycle @viper/http@0.1.0-43~prepare: @viper/http@0.1.0-43
    npm info lifecycle @viper/http@0.1.0-43~prepublishOnly: @viper/http@0.1.0-43
    npm info attempt registry request try #1 at 7:02:47 AM
    npm http request PUT https://***.net/repository/npm-***/@viper%2fhttp
    npm info retry will retry, error on last attempt: Error: unable to verify the first certificate
    npm info attempt registry request try #2 at 7:02:57 AM
    npm http request PUT https://***.net/repository/npm-***/@viper%2fhttp
    npm info retry will retry, error on last attempt: Error: unable to verify the first certificate
    npm info attempt registry request try #3 at 7:03:57 AM
    npm http request PUT https://***.net/repository/npm-***/@viper%2fhttp
    npm ERR! publish Failed PUT undefined
    npm ERR! Linux 4.4.19-29.55.amzn1.x86_64
    npm ERR! argv "/usr/local/bin/node" "/usr/local/bin/npm" "publish" "--tag" "latest"
    npm ERR! node v7.6.0
    npm ERR! npm  v4.1.2
    npm ERR! code UNABLE_TO_VERIFY_LEAF_SIGNATURE

    npm ERR! unable to verify the first certificate
    npm ERR!
    npm ERR! If you need help, you may report this error at:
    npm ERR!     <https://github.com/npm/npm/issues>

    npm ERR! Please include the following file with any support request:
    npm ERR!     /home/app/packages/http/npm-debug.log

        at ChildProcess.exithandler (child_process.js:211:12)
        at emitTwo (events.js:106:13)
        at ChildProcess.emit (events.js:192:7)
        at maybeClose (internal/child_process.js:890:16)
        at Socket.<anonymous> (internal/child_process.js:334:11)
        at emitOne (events.js:96:13)
        at Socket.emit (events.js:189:7)
        at Pipe._handle.close [as _onclose] (net.js:501:12)
lerna(error)   Attempting to retry publishing @viper/http...
    Error: Command failed: cd /home/app/packages/http && npm publish --tag latest
    npm info it worked if it ends with ok
    npm info using npm@4.1.2
    npm info using node@v7.6.0
    npm info lifecycle @viper/http@0.1.0-43~prepublish: @viper/http@0.1.0-43
    npm info lifecycle @viper/http@0.1.0-43~prepare: @viper/http@0.1.0-43
    npm info lifecycle @viper/http@0.1.0-43~prepublishOnly: @viper/http@0.1.0-43
    npm info attempt registry request try #1 at 7:02:47 AM
    npm http request PUT https://***.net/repository/npm-***/@viper%2fhttp
    npm info retry will retry, error on last attempt: Error: unable to verify the first certificate
    npm info attempt registry request try #2 at 7:02:57 AM
    npm http request PUT https://***.net/repository/npm-***/@viper%2fhttp
    npm info retry will retry, error on last attempt: Error: unable to verify the first certificate
    npm info attempt registry request try #3 at 7:03:57 AM
    npm http request PUT https://***.net/repository/npm-***/@viper%2fhttp
    npm ERR! publish Failed PUT undefined
    npm ERR! Linux 4.4.19-29.55.amzn1.x86_64
    npm ERR! argv "/usr/local/bin/node" "/usr/local/bin/npm" "publish" "--tag" "latest"
    npm ERR! node v7.6.0
    npm ERR! npm  v4.1.2
    npm ERR! code UNABLE_TO_VERIFY_LEAF_SIGNATURE

    npm ERR! unable to verify the first certificate
    npm ERR!
    npm ERR! If you need help, you may report this error at:
    npm ERR!     <https://github.com/npm/npm/issues>

    npm ERR! Please include the following file with any support request:
    npm ERR!     /home/app/packages/http/npm-debug.log

        at ChildProcess.exithandler (child_process.js:211:12)
        at emitTwo (events.js:106:13)
        at ChildProcess.emit (events.js:192:7)
        at maybeClose (internal/child_process.js:890:16)
        at Socket.<anonymous> (internal/child_process.js:334:11)
        at emitOne (events.js:96:13)
        at Socket.emit (events.js:189:7)
        at Pipe._handle.close [as _onclose] (net.js:501:12)
lerna(verbose) Publishing @viper/http...
lerna(verbose) NpmUtilities.publishTaggedInDir("latest", "./packages/http", )
lerna(error)   NpmUtilities.publishTaggedInDir("latest", "./packages/forms", )
    Error: Command failed: cd /home/app/packages/forms && npm publish --tag latest
    npm info it worked if it ends with ok
    npm info using npm@4.1.2
    npm info using node@v7.6.0
    npm info lifecycle @viper/forms@0.1.0-43~prepublish: @viper/forms@0.1.0-43
    npm info lifecycle @viper/forms@0.1.0-43~prepare: @viper/forms@0.1.0-43
    npm info lifecycle @viper/forms@0.1.0-43~prepublishOnly: @viper/forms@0.1.0-43
    npm info attempt registry request try #1 at 7:02:47 AM
    npm http request PUT https://***.net/repository/npm-***/@viper%2fforms
    npm info retry will retry, error on last attempt: Error: unable to verify the first certificate
    npm info attempt registry request try #2 at 7:02:57 AM
    npm http request PUT https://***.net/repository/npm-***/@viper%2fforms
    npm info retry will retry, error on last attempt: Error: unable to verify the first certificate
    npm info attempt registry request try #3 at 7:03:57 AM
    npm http request PUT https://***.net/repository/npm-***/@viper%2fforms
    npm ERR! publish Failed PUT undefined
    npm ERR! Linux 4.4.19-29.55.amzn1.x86_64
    npm ERR! argv "/usr/local/bin/node" "/usr/local/bin/npm" "publish" "--tag" "latest"
    npm ERR! node v7.6.0
    npm ERR! npm  v4.1.2
    npm ERR! code UNABLE_TO_VERIFY_LEAF_SIGNATURE

    npm ERR! unable to verify the first certificate
    npm ERR!
    npm ERR! If you need help, you may report this error at:
    npm ERR!     <https://github.com/npm/npm/issues>

    npm ERR! Please include the following file with any support request:
    npm ERR!     /home/app/packages/forms/npm-debug.log

        at ChildProcess.exithandler (child_process.js:211:12)
        at emitTwo (events.js:106:13)
        at ChildProcess.emit (events.js:192:7)
        at maybeClose (internal/child_process.js:890:16)
        at Process.ChildProcess._handle.onexit (internal/child_process.js:226:5)
lerna(error)   Attempting to retry publishing @viper/forms...
    Error: Command failed: cd /home/app/packages/forms && npm publish --tag latest
    npm info it worked if it ends with ok
    npm info using npm@4.1.2
    npm info using node@v7.6.0
    npm info lifecycle @viper/forms@0.1.0-43~prepublish: @viper/forms@0.1.0-43
    npm info lifecycle @viper/forms@0.1.0-43~prepare: @viper/forms@0.1.0-43
    npm info lifecycle @viper/forms@0.1.0-43~prepublishOnly: @viper/forms@0.1.0-43
    npm info attempt registry request try #1 at 7:02:47 AM
    npm http request PUT https://***.net/repository/npm-***/@viper%2fforms
    npm info retry will retry, error on last attempt: Error: unable to verify the first certificate
    npm info attempt registry request try #2 at 7:02:57 AM
    npm http request PUT https://***.net/repository/npm-***/@viper%2fforms
    npm info retry will retry, error on last attempt: Error: unable to verify the first certificate
    npm info attempt registry request try #3 at 7:03:57 AM
    npm http request PUT https://***.net/repository/npm-***/@viper%2fforms
    npm ERR! publish Failed PUT undefined
    npm ERR! Linux 4.4.19-29.55.amzn1.x86_64
    npm ERR! argv "/usr/local/bin/node" "/usr/local/bin/npm" "publish" "--tag" "latest"
    npm ERR! node v7.6.0
    npm ERR! npm  v4.1.2
    npm ERR! code UNABLE_TO_VERIFY_LEAF_SIGNATURE

    npm ERR! unable to verify the first certificate
    npm ERR!
    npm ERR! If you need help, you may report this error at:
    npm ERR!     <https://github.com/npm/npm/issues>

    npm ERR! Please include the following file with any support request:
    npm ERR!     /home/app/packages/forms/npm-debug.log

        at ChildProcess.exithandler (child_process.js:211:12)
        at emitTwo (events.js:106:13)
        at ChildProcess.emit (events.js:192:7)
        at maybeClose (internal/child_process.js:890:16)
        at Process.ChildProcess._handle.onexit (internal/child_process.js:226:5)
lerna(verbose) Publishing @viper/forms...
lerna(verbose) NpmUtilities.publishTaggedInDir("latest", "./packages/forms", )
lerna(error)   NpmUtilities.publishTaggedInDir("latest", "./packages/localization", )
    Error: Command failed: cd /home/app/packages/localization && npm publish --tag latest
    npm info it worked if it ends with ok
    npm info using npm@4.1.2
    npm info using node@v7.6.0
    npm info lifecycle @viper/localization@0.1.0-43~prepublish: @viper/localization@0.1.0-43
    npm info lifecycle @viper/localization@0.1.0-43~prepare: @viper/localization@0.1.0-43
    npm info lifecycle @viper/localization@0.1.0-43~prepublishOnly: @viper/localization@0.1.0-43
    npm info attempt registry request try #1 at 7:03:59 AM
    npm http request PUT https://***.net/repository/npm-***/@viper%2flocalization
    npm info retry will retry, error on last attempt: Error: unable to verify the first certificate
    npm info attempt registry request try #2 at 7:04:09 AM
    npm http request PUT https://***.net/repository/npm-***/@viper%2flocalization
    npm info retry will retry, error on last attempt: Error: unable to verify the first certificate
    npm info attempt registry request try #3 at 7:05:09 AM
    npm http request PUT https://***.net/repository/npm-***/@viper%2flocalization
    npm ERR! publish Failed PUT undefined
    npm ERR! Linux 4.4.19-29.55.amzn1.x86_64
    npm ERR! argv "/usr/local/bin/node" "/usr/local/bin/npm" "publish" "--tag" "latest"
    npm ERR! node v7.6.0
    npm ERR! npm  v4.1.2
    npm ERR! code UNABLE_TO_VERIFY_LEAF_SIGNATURE

    npm ERR! unable to verify the first certificate
    npm ERR!
    npm ERR! If you need help, you may report this error at:
    npm ERR!     <https://github.com/npm/npm/issues>

    npm ERR! Please include the following file with any support request:
    npm ERR!     /home/app/packages/localization/npm-debug.log

        at ChildProcess.exithandler (child_process.js:211:12)
        at emitTwo (events.js:106:13)
        at ChildProcess.emit (events.js:192:7)
        at maybeClose (internal/child_process.js:890:16)
        at Process.ChildProcess._handle.onexit (internal/child_process.js:226:5)
lerna(error)   Attempting to retry publishing @viper/localization...
    Error: Command failed: cd /home/app/packages/localization && npm publish --tag latest
    npm info it worked if it ends with ok
    npm info using npm@4.1.2
    npm info using node@v7.6.0
    npm info lifecycle @viper/localization@0.1.0-43~prepublish: @viper/localization@0.1.0-43
    npm info lifecycle @viper/localization@0.1.0-43~prepare: @viper/localization@0.1.0-43
    npm info lifecycle @viper/localization@0.1.0-43~prepublishOnly: @viper/localization@0.1.0-43
    npm info attempt registry request try #1 at 7:03:59 AM
    npm http request PUT https://***.net/repository/npm-***/@viper%2flocalization
    npm info retry will retry, error on last attempt: Error: unable to verify the first certificate
    npm info attempt registry request try #2 at 7:04:09 AM
    npm http request PUT https://***.net/repository/npm-***/@viper%2flocalization
    npm info retry will retry, error on last attempt: Error: unable to verify the first certificate
    npm info attempt registry request try #3 at 7:05:09 AM
    npm http request PUT https://***.net/repository/npm-***/@viper%2flocalization
    npm ERR! publish Failed PUT undefined
    npm ERR! Linux 4.4.19-29.55.amzn1.x86_64
    npm ERR! argv "/usr/local/bin/node" "/usr/local/bin/npm" "publish" "--tag" "latest"
    npm ERR! node v7.6.0
    npm ERR! npm  v4.1.2
    npm ERR! code UNABLE_TO_VERIFY_LEAF_SIGNATURE

    npm ERR! unable to verify the first certificate
    npm ERR!
    npm ERR! If you need help, you may report this error at:
    npm ERR!     <https://github.com/npm/npm/issues>

    npm ERR! Please include the following file with any support request:
    npm ERR!     /home/app/packages/localization/npm-debug.log

        at ChildProcess.exithandler (child_process.js:211:12)
        at emitTwo (events.js:106:13)
        at ChildProcess.emit (events.js:192:7)
        at maybeClose (internal/child_process.js:890:16)
        at Process.ChildProcess._handle.onexit (internal/child_process.js:226:5)
lerna(verbose) Publishing @viper/localization...
lerna(verbose) NpmUtilities.publishTaggedInDir("latest", "./packages/localization", )
lerna(error)   NpmUtilities.publishTaggedInDir("latest", "./packages/http", )
    Error: Command failed: cd /home/app/packages/http && npm publish --tag latest
    npm info it worked if it ends with ok
    npm info using npm@4.1.2
    npm info using node@v7.6.0
    npm info lifecycle @viper/http@0.1.0-43~prepublish: @viper/http@0.1.0-43
    npm info lifecycle @viper/http@0.1.0-43~prepare: @viper/http@0.1.0-43
    npm info lifecycle @viper/http@0.1.0-43~prepublishOnly: @viper/http@0.1.0-43
    npm info attempt registry request try #1 at 7:03:59 AM
    npm http request PUT https://***.net/repository/npm-***/@viper%2fhttp
    npm info retry will retry, error on last attempt: Error: unable to verify the first certificate
    npm info attempt registry request try #2 at 7:04:09 AM
    npm http request PUT https://***.net/repository/npm-***/@viper%2fhttp
    npm info retry will retry, error on last attempt: Error: unable to verify the first certificate
    npm info attempt registry request try #3 at 7:05:09 AM
    npm http request PUT https://***.net/repository/npm-***/@viper%2fhttp
    npm ERR! publish Failed PUT undefined
    npm ERR! Linux 4.4.19-29.55.amzn1.x86_64
    npm ERR! argv "/usr/local/bin/node" "/usr/local/bin/npm" "publish" "--tag" "latest"
    npm ERR! node v7.6.0
    npm ERR! npm  v4.1.2
    npm ERR! code UNABLE_TO_VERIFY_LEAF_SIGNATURE

    npm ERR! unable to verify the first certificate
    npm ERR!
    npm ERR! If you need help, you may report this error at:
    npm ERR!     <https://github.com/npm/npm/issues>

    npm ERR! Please include the following file with any support request:
    npm ERR!     /home/app/packages/http/npm-debug.log

        at ChildProcess.exithandler (child_process.js:211:12)
        at emitTwo (events.js:106:13)
        at ChildProcess.emit (events.js:192:7)
        at maybeClose (internal/child_process.js:890:16)
        at Socket.<anonymous> (internal/child_process.js:334:11)
        at emitOne (events.js:96:13)
        at Socket.emit (events.js:189:7)
        at Pipe._handle.close [as _onclose] (net.js:501:12)
lerna(error)   Attempting to retry publishing @viper/http...
    Error: Command failed: cd /home/app/packages/http && npm publish --tag latest
    npm info it worked if it ends with ok
    npm info using npm@4.1.2
    npm info using node@v7.6.0
    npm info lifecycle @viper/http@0.1.0-43~prepublish: @viper/http@0.1.0-43
    npm info lifecycle @viper/http@0.1.0-43~prepare: @viper/http@0.1.0-43
    npm info lifecycle @viper/http@0.1.0-43~prepublishOnly: @viper/http@0.1.0-43
    npm info attempt registry request try #1 at 7:03:59 AM
    npm http request PUT https://***.net/repository/npm-***/@viper%2fhttp
    npm info retry will retry, error on last attempt: Error: unable to verify the first certificate
    npm info attempt registry request try #2 at 7:04:09 AM
    npm http request PUT https://***.net/repository/npm-***/@viper%2fhttp
    npm info retry will retry, error on last attempt: Error: unable to verify the first certificate
    npm info attempt registry request try #3 at 7:05:09 AM
    npm http request PUT https://***.net/repository/npm-***/@viper%2fhttp
    npm ERR! publish Failed PUT undefined
    npm ERR! Linux 4.4.19-29.55.amzn1.x86_64
    npm ERR! argv "/usr/local/bin/node" "/usr/local/bin/npm" "publish" "--tag" "latest"
    npm ERR! node v7.6.0
    npm ERR! npm  v4.1.2
    npm ERR! code UNABLE_TO_VERIFY_LEAF_SIGNATURE

    npm ERR! unable to verify the first certificate
    npm ERR!
    npm ERR! If you need help, you may report this error at:
    npm ERR!     <https://github.com/npm/npm/issues>

    npm ERR! Please include the following file with any support request:
    npm ERR!     /home/app/packages/http/npm-debug.log

        at ChildProcess.exithandler (child_process.js:211:12)
        at emitTwo (events.js:106:13)
        at ChildProcess.emit (events.js:192:7)
        at maybeClose (internal/child_process.js:890:16)
        at Socket.<anonymous> (internal/child_process.js:334:11)
        at emitOne (events.js:96:13)
        at Socket.emit (events.js:189:7)
        at Pipe._handle.close [as _onclose] (net.js:501:12)
lerna(verbose) Publishing @viper/http...
lerna(verbose) NpmUtilities.publishTaggedInDir("latest", "./packages/http", )
lerna(error)   NpmUtilities.publishTaggedInDir("latest", "./packages/forms", )
    Error: Command failed: cd /home/app/packages/forms && npm publish --tag latest
    npm info it worked if it ends with ok
    npm info using npm@4.1.2
    npm info using node@v7.6.0
    npm info lifecycle @viper/forms@0.1.0-43~prepublish: @viper/forms@0.1.0-43
    npm info lifecycle @viper/forms@0.1.0-43~prepare: @viper/forms@0.1.0-43
    npm info lifecycle @viper/forms@0.1.0-43~prepublishOnly: @viper/forms@0.1.0-43
    npm info attempt registry request try #1 at 7:03:59 AM
    npm http request PUT https://***.net/repository/npm-***/@viper%2fforms
    npm info retry will retry, error on last attempt: Error: unable to verify the first certificate
    npm info attempt registry request try #2 at 7:04:09 AM
    npm http request PUT https://***.net/repository/npm-***/@viper%2fforms
    npm info retry will retry, error on last attempt: Error: unable to verify the first certificate
    npm info attempt registry request try #3 at 7:05:09 AM
    npm http request PUT https://***.net/repository/npm-***/@viper%2fforms
    npm ERR! publish Failed PUT undefined
    npm ERR! Linux 4.4.19-29.55.amzn1.x86_64
    npm ERR! argv "/usr/local/bin/node" "/usr/local/bin/npm" "publish" "--tag" "latest"
    npm ERR! node v7.6.0
    npm ERR! npm  v4.1.2
    npm ERR! code UNABLE_TO_VERIFY_LEAF_SIGNATURE

    npm ERR! unable to verify the first certificate
    npm ERR!
    npm ERR! If you need help, you may report this error at:
    npm ERR!     <https://github.com/npm/npm/issues>

    npm ERR! Please include the following file with any support request:
    npm ERR!     /home/app/packages/forms/npm-debug.log

        at ChildProcess.exithandler (child_process.js:211:12)
        at emitTwo (events.js:106:13)
        at ChildProcess.emit (events.js:192:7)
        at maybeClose (internal/child_process.js:890:16)
        at Process.ChildProcess._handle.onexit (internal/child_process.js:226:5)
lerna(error)   Attempting to retry publishing @viper/forms...
    Error: Command failed: cd /home/app/packages/forms && npm publish --tag latest
    npm info it worked if it ends with ok
    npm info using npm@4.1.2
    npm info using node@v7.6.0
    npm info lifecycle @viper/forms@0.1.0-43~prepublish: @viper/forms@0.1.0-43
    npm info lifecycle @viper/forms@0.1.0-43~prepare: @viper/forms@0.1.0-43
    npm info lifecycle @viper/forms@0.1.0-43~prepublishOnly: @viper/forms@0.1.0-43
    npm info attempt registry request try #1 at 7:03:59 AM
    npm http request PUT https://***.net/repository/npm-***/@viper%2fforms
    npm info retry will retry, error on last attempt: Error: unable to verify the first certificate
    npm info attempt registry request try #2 at 7:04:09 AM
    npm http request PUT https://***.net/repository/npm-***/@viper%2fforms
    npm info retry will retry, error on last attempt: Error: unable to verify the first certificate
    npm info attempt registry request try #3 at 7:05:09 AM
    npm http request PUT https://***.net/repository/npm-***/@viper%2fforms
    npm ERR! publish Failed PUT undefined
    npm ERR! Linux 4.4.19-29.55.amzn1.x86_64
    npm ERR! argv "/usr/local/bin/node" "/usr/local/bin/npm" "publish" "--tag" "latest"
    npm ERR! node v7.6.0
    npm ERR! npm  v4.1.2
    npm ERR! code UNABLE_TO_VERIFY_LEAF_SIGNATURE

    npm ERR! unable to verify the first certificate
    npm ERR!
    npm ERR! If you need help, you may report this error at:
    npm ERR!     <https://github.com/npm/npm/issues>

    npm ERR! Please include the following file with any support request:
    npm ERR!     /home/app/packages/forms/npm-debug.log

        at ChildProcess.exithandler (child_process.js:211:12)
        at emitTwo (events.js:106:13)
        at ChildProcess.emit (events.js:192:7)
        at maybeClose (internal/child_process.js:890:16)
        at Process.ChildProcess._handle.onexit (internal/child_process.js:226:5)
lerna(verbose) Publishing @viper/forms...
lerna(verbose) NpmUtilities.publishTaggedInDir("latest", "./packages/forms", )
lerna(error)   NpmUtilities.publishTaggedInDir("latest", "./packages/http", )
    Error: Command failed: cd /home/app/packages/http && npm publish --tag latest
    npm info it worked if it ends with ok
    npm info using npm@4.1.2
    npm info using node@v7.6.0
    npm info lifecycle @viper/http@0.1.0-43~prepublish: @viper/http@0.1.0-43
    npm info lifecycle @viper/http@0.1.0-43~prepare: @viper/http@0.1.0-43
    npm info lifecycle @viper/http@0.1.0-43~prepublishOnly: @viper/http@0.1.0-43
    npm info attempt registry request try #1 at 7:05:11 AM
    npm http request PUT https://***.net/repository/npm-***/@viper%2fhttp
    npm info retry will retry, error on last attempt: Error: unable to verify the first certificate
    npm info attempt registry request try #2 at 7:05:21 AM
    npm http request PUT https://***.net/repository/npm-***/@viper%2fhttp
    npm info retry will retry, error on last attempt: Error: unable to verify the first certificate
    npm info attempt registry request try #3 at 7:06:21 AM
    npm http request PUT https://***.net/repository/npm-***/@viper%2fhttp
    npm ERR! publish Failed PUT undefined
    npm ERR! Linux 4.4.19-29.55.amzn1.x86_64
    npm ERR! argv "/usr/local/bin/node" "/usr/local/bin/npm" "publish" "--tag" "latest"
    npm ERR! node v7.6.0
    npm ERR! npm  v4.1.2
    npm ERR! code UNABLE_TO_VERIFY_LEAF_SIGNATURE

    npm ERR! unable to verify the first certificate
    npm ERR!
    npm ERR! If you need help, you may report this error at:
    npm ERR!     <https://github.com/npm/npm/issues>

    npm ERR! Please include the following file with any support request:
    npm ERR!     /home/app/packages/http/npm-debug.log

        at ChildProcess.exithandler (child_process.js:211:12)
        at emitTwo (events.js:106:13)
        at ChildProcess.emit (events.js:192:7)
        at maybeClose (internal/child_process.js:890:16)
        at Process.ChildProcess._handle.onexit (internal/child_process.js:226:5)
lerna(error)   Attempting to retry publishing @viper/http...
    Error: Command failed: cd /home/app/packages/http && npm publish --tag latest
    npm info it worked if it ends with ok
    npm info using npm@4.1.2
    npm info using node@v7.6.0
    npm info lifecycle @viper/http@0.1.0-43~prepublish: @viper/http@0.1.0-43
    npm info lifecycle @viper/http@0.1.0-43~prepare: @viper/http@0.1.0-43
    npm info lifecycle @viper/http@0.1.0-43~prepublishOnly: @viper/http@0.1.0-43
    npm info attempt registry request try #1 at 7:05:11 AM
    npm http request PUT https://***.net/repository/npm-***/@viper%2fhttp
    npm info retry will retry, error on last attempt: Error: unable to verify the first certificate
    npm info attempt registry request try #2 at 7:05:21 AM
    npm http request PUT https://***.net/repository/npm-***/@viper%2fhttp
    npm info retry will retry, error on last attempt: Error: unable to verify the first certificate
    npm info attempt registry request try #3 at 7:06:21 AM
    npm http request PUT https://***.net/repository/npm-***/@viper%2fhttp
    npm ERR! publish Failed PUT undefined
    npm ERR! Linux 4.4.19-29.55.amzn1.x86_64
    npm ERR! argv "/usr/local/bin/node" "/usr/local/bin/npm" "publish" "--tag" "latest"
    npm ERR! node v7.6.0
    npm ERR! npm  v4.1.2
    npm ERR! code UNABLE_TO_VERIFY_LEAF_SIGNATURE

    npm ERR! unable to verify the first certificate
    npm ERR!
    npm ERR! If you need help, you may report this error at:
    npm ERR!     <https://github.com/npm/npm/issues>

    npm ERR! Please include the following file with any support request:
    npm ERR!     /home/app/packages/http/npm-debug.log

        at ChildProcess.exithandler (child_process.js:211:12)
        at emitTwo (events.js:106:13)
        at ChildProcess.emit (events.js:192:7)
        at maybeClose (internal/child_process.js:890:16)
        at Process.ChildProcess._handle.onexit (internal/child_process.js:226:5)
lerna(verbose) Publishing @viper/http...
lerna(verbose) NpmUtilities.publishTaggedInDir("latest", "./packages/http", )
lerna(error)   NpmUtilities.publishTaggedInDir("latest", "./packages/localization", )
    Error: Command failed: cd /home/app/packages/localization && npm publish --tag latest
    npm info it worked if it ends with ok
    npm info using npm@4.1.2
    npm info using node@v7.6.0
    npm info lifecycle @viper/localization@0.1.0-43~prepublish: @viper/localization@0.1.0-43
    npm info lifecycle @viper/localization@0.1.0-43~prepare: @viper/localization@0.1.0-43
    npm info lifecycle @viper/localization@0.1.0-43~prepublishOnly: @viper/localization@0.1.0-43
    npm info attempt registry request try #1 at 7:05:11 AM
    npm http request PUT https://***.net/repository/npm-***/@viper%2flocalization
    npm info retry will retry, error on last attempt: Error: unable to verify the first certificate
    npm info attempt registry request try #2 at 7:05:21 AM
    npm http request PUT https://***.net/repository/npm-***/@viper%2flocalization
    npm info retry will retry, error on last attempt: Error: unable to verify the first certificate
    npm info attempt registry request try #3 at 7:06:21 AM
    npm http request PUT https://***.net/repository/npm-***/@viper%2flocalization
    npm ERR! publish Failed PUT undefined
    npm ERR! Linux 4.4.19-29.55.amzn1.x86_64
    npm ERR! argv "/usr/local/bin/node" "/usr/local/bin/npm" "publish" "--tag" "latest"
    npm ERR! node v7.6.0
    npm ERR! npm  v4.1.2
    npm ERR! code UNABLE_TO_VERIFY_LEAF_SIGNATURE

    npm ERR! unable to verify the first certificate
    npm ERR!
    npm ERR! If you need help, you may report this error at:
    npm ERR!     <https://github.com/npm/npm/issues>

    npm ERR! Please include the following file with any support request:
    npm ERR!     /home/app/packages/localization/npm-debug.log

        at ChildProcess.exithandler (child_process.js:211:12)
        at emitTwo (events.js:106:13)
        at ChildProcess.emit (events.js:192:7)
        at maybeClose (internal/child_process.js:890:16)
        at Process.ChildProcess._handle.onexit (internal/child_process.js:226:5)
lerna(error)   Attempting to retry publishing @viper/localization...
    Error: Command failed: cd /home/app/packages/localization && npm publish --tag latest
    npm info it worked if it ends with ok
    npm info using npm@4.1.2
    npm info using node@v7.6.0
    npm info lifecycle @viper/localization@0.1.0-43~prepublish: @viper/localization@0.1.0-43
    npm info lifecycle @viper/localization@0.1.0-43~prepare: @viper/localization@0.1.0-43
    npm info lifecycle @viper/localization@0.1.0-43~prepublishOnly: @viper/localization@0.1.0-43
    npm info attempt registry request try #1 at 7:05:11 AM
    npm http request PUT https://***.net/repository/npm-***/@viper%2flocalization
    npm info retry will retry, error on last attempt: Error: unable to verify the first certificate
    npm info attempt registry request try #2 at 7:05:21 AM
    npm http request PUT https://***.net/repository/npm-***/@viper%2flocalization
    npm info retry will retry, error on last attempt: Error: unable to verify the first certificate
    npm info attempt registry request try #3 at 7:06:21 AM
    npm http request PUT https://***.net/repository/npm-***/@viper%2flocalization
    npm ERR! publish Failed PUT undefined
    npm ERR! Linux 4.4.19-29.55.amzn1.x86_64
    npm ERR! argv "/usr/local/bin/node" "/usr/local/bin/npm" "publish" "--tag" "latest"
    npm ERR! node v7.6.0
    npm ERR! npm  v4.1.2
    npm ERR! code UNABLE_TO_VERIFY_LEAF_SIGNATURE

    npm ERR! unable to verify the first certificate
    npm ERR!
    npm ERR! If you need help, you may report this error at:
    npm ERR!     <https://github.com/npm/npm/issues>

    npm ERR! Please include the following file with any support request:
    npm ERR!     /home/app/packages/localization/npm-debug.log

        at ChildProcess.exithandler (child_process.js:211:12)
        at emitTwo (events.js:106:13)
        at ChildProcess.emit (events.js:192:7)
        at maybeClose (internal/child_process.js:890:16)
        at Process.ChildProcess._handle.onexit (internal/child_process.js:226:5)
lerna(verbose) Publishing @viper/localization...
lerna(verbose) NpmUtilities.publishTaggedInDir("latest", "./packages/localization", )
lerna(error)   NpmUtilities.publishTaggedInDir("latest", "./packages/forms", )
    Error: Command failed: cd /home/app/packages/forms && npm publish --tag latest
    npm info it worked if it ends with ok
    npm info using npm@4.1.2
    npm info using node@v7.6.0
    npm info lifecycle @viper/forms@0.1.0-43~prepublish: @viper/forms@0.1.0-43
    npm info lifecycle @viper/forms@0.1.0-43~prepare: @viper/forms@0.1.0-43
    npm info lifecycle @viper/forms@0.1.0-43~prepublishOnly: @viper/forms@0.1.0-43
    npm info attempt registry request try #1 at 7:05:11 AM
    npm http request PUT https://***.net/repository/npm-***/@viper%2fforms
    npm info retry will retry, error on last attempt: Error: unable to verify the first certificate
    npm info attempt registry request try #2 at 7:05:21 AM
    npm http request PUT https://***.net/repository/npm-***/@viper%2fforms
    npm info retry will retry, error on last attempt: Error: unable to verify the first certificate
    npm info attempt registry request try #3 at 7:06:21 AM
    npm http request PUT https://***.net/repository/npm-***/@viper%2fforms
    npm ERR! publish Failed PUT undefined
    npm ERR! Linux 4.4.19-29.55.amzn1.x86_64
    npm ERR! argv "/usr/local/bin/node" "/usr/local/bin/npm" "publish" "--tag" "latest"
    npm ERR! node v7.6.0
    npm ERR! npm  v4.1.2
    npm ERR! code UNABLE_TO_VERIFY_LEAF_SIGNATURE

    npm ERR! unable to verify the first certificate
    npm ERR!
    npm ERR! If you need help, you may report this error at:
    npm ERR!     <https://github.com/npm/npm/issues>

    npm ERR! Please include the following file with any support request:
    npm ERR!     /home/app/packages/forms/npm-debug.log

        at ChildProcess.exithandler (child_process.js:211:12)
        at emitTwo (events.js:106:13)
        at ChildProcess.emit (events.js:192:7)
        at maybeClose (internal/child_process.js:890:16)
        at Process.ChildProcess._handle.onexit (internal/child_process.js:226:5)
lerna(error)   Attempting to retry publishing @viper/forms...
    Error: Command failed: cd /home/app/packages/forms && npm publish --tag latest
    npm info it worked if it ends with ok
    npm info using npm@4.1.2
    npm info using node@v7.6.0
    npm info lifecycle @viper/forms@0.1.0-43~prepublish: @viper/forms@0.1.0-43
    npm info lifecycle @viper/forms@0.1.0-43~prepare: @viper/forms@0.1.0-43
    npm info lifecycle @viper/forms@0.1.0-43~prepublishOnly: @viper/forms@0.1.0-43
    npm info attempt registry request try #1 at 7:05:11 AM
    npm http request PUT https://***.net/repository/npm-***/@viper%2fforms
    npm info retry will retry, error on last attempt: Error: unable to verify the first certificate
    npm info attempt registry request try #2 at 7:05:21 AM
    npm http request PUT https://***.net/repository/npm-***/@viper%2fforms
    npm info retry will retry, error on last attempt: Error: unable to verify the first certificate
    npm info attempt registry request try #3 at 7:06:21 AM
    npm http request PUT https://***.net/repository/npm-***/@viper%2fforms
    npm ERR! publish Failed PUT undefined
    npm ERR! Linux 4.4.19-29.55.amzn1.x86_64
    npm ERR! argv "/usr/local/bin/node" "/usr/local/bin/npm" "publish" "--tag" "latest"
    npm ERR! node v7.6.0
    npm ERR! npm  v4.1.2
    npm ERR! code UNABLE_TO_VERIFY_LEAF_SIGNATURE

    npm ERR! unable to verify the first certificate
    npm ERR!
    npm ERR! If you need help, you may report this error at:
    npm ERR!     <https://github.com/npm/npm/issues>

    npm ERR! Please include the following file with any support request:
    npm ERR!     /home/app/packages/forms/npm-debug.log

        at ChildProcess.exithandler (child_process.js:211:12)
        at emitTwo (events.js:106:13)
        at ChildProcess.emit (events.js:192:7)
        at maybeClose (internal/child_process.js:890:16)
        at Process.ChildProcess._handle.onexit (internal/child_process.js:226:5)
lerna(verbose) Publishing @viper/forms...
lerna(verbose) NpmUtilities.publishTaggedInDir("latest", "./packages/forms", )
lerna(error)   NpmUtilities.publishTaggedInDir("latest", "./packages/http", )
    Error: Command failed: cd /home/app/packages/http && npm publish --tag latest
    npm info it worked if it ends with ok
    npm info using npm@4.1.2
    npm info using node@v7.6.0
    npm info lifecycle @viper/http@0.1.0-43~prepublish: @viper/http@0.1.0-43
    npm info lifecycle @viper/http@0.1.0-43~prepare: @viper/http@0.1.0-43
    npm info lifecycle @viper/http@0.1.0-43~prepublishOnly: @viper/http@0.1.0-43
    npm info attempt registry request try #1 at 7:06:23 AM
    npm http request PUT https://***.net/repository/npm-***/@viper%2fhttp
    npm info retry will retry, error on last attempt: Error: unable to verify the first certificate
    npm info attempt registry request try #2 at 7:06:33 AM
    npm http request PUT https://***.net/repository/npm-***/@viper%2fhttp
    npm info retry will retry, error on last attempt: Error: unable to verify the first certificate
    npm info attempt registry request try #3 at 7:07:34 AM
    npm http request PUT https://***.net/repository/npm-***/@viper%2fhttp
    npm ERR! publish Failed PUT undefined
    npm ERR! Linux 4.4.19-29.55.amzn1.x86_64
    npm ERR! argv "/usr/local/bin/node" "/usr/local/bin/npm" "publish" "--tag" "latest"
    npm ERR! node v7.6.0
    npm ERR! npm  v4.1.2
    npm ERR! code UNABLE_TO_VERIFY_LEAF_SIGNATURE

    npm ERR! unable to verify the first certificate
    npm ERR!
    npm ERR! If you need help, you may report this error at:
    npm ERR!     <https://github.com/npm/npm/issues>

    npm ERR! Please include the following file with any support request:
    npm ERR!     /home/app/packages/http/npm-debug.log

        at ChildProcess.exithandler (child_process.js:211:12)
        at emitTwo (events.js:106:13)
        at ChildProcess.emit (events.js:192:7)
        at maybeClose (internal/child_process.js:890:16)
        at Process.ChildProcess._handle.onexit (internal/child_process.js:226:5)
lerna(error)   Ran out of retries while publishing @viper/http
    Error: Command failed: cd /home/app/packages/http && npm publish --tag latest
    npm info it worked if it ends with ok
    npm info using npm@4.1.2
    npm info using node@v7.6.0
    npm info lifecycle @viper/http@0.1.0-43~prepublish: @viper/http@0.1.0-43
    npm info lifecycle @viper/http@0.1.0-43~prepare: @viper/http@0.1.0-43
    npm info lifecycle @viper/http@0.1.0-43~prepublishOnly: @viper/http@0.1.0-43
    npm info attempt registry request try #1 at 7:06:23 AM
    npm http request PUT https://***.net/repository/npm-***/@viper%2fhttp
    npm info retry will retry, error on last attempt: Error: unable to verify the first certificate
    npm info attempt registry request try #2 at 7:06:33 AM
    npm http request PUT https://***.net/repository/npm-***/@viper%2fhttp
    npm info retry will retry, error on last attempt: Error: unable to verify the first certificate
    npm info attempt registry request try #3 at 7:07:34 AM
    npm http request PUT https://***.net/repository/npm-***/@viper%2fhttp
    npm ERR! publish Failed PUT undefined
    npm ERR! Linux 4.4.19-29.55.amzn1.x86_64
    npm ERR! argv "/usr/local/bin/node" "/usr/local/bin/npm" "publish" "--tag" "latest"
    npm ERR! node v7.6.0
    npm ERR! npm  v4.1.2
    npm ERR! code UNABLE_TO_VERIFY_LEAF_SIGNATURE

    npm ERR! unable to verify the first certificate
    npm ERR!
    npm ERR! If you need help, you may report this error at:
    npm ERR!     <https://github.com/npm/npm/issues>

    npm ERR! Please include the following file with any support request:
    npm ERR!     /home/app/packages/http/npm-debug.log

        at ChildProcess.exithandler (child_process.js:211:12)
        at emitTwo (events.js:106:13)
        at ChildProcess.emit (events.js:192:7)
        at maybeClose (internal/child_process.js:890:16)
        at Process.ChildProcess._handle.onexit (internal/child_process.js:226:5)
lerna(error)   Errored while running PublishCommand.execute
